[31/Mar/2020 05:55:01] "GET /index/ HTTP/1.1" 200 26149
[31/Mar/2020 05:55:04] "GET /index/ HTTP/1.1" 200 26149
[31/Mar/2020 05:56:39] "GET /index/ HTTP/1.1" 200 26149
[31/Mar/2020 05:56:59] "GET /index/ HTTP/1.1" 200 26149
[31/Mar/2020 05:56:59] "GET /static/fonts/icomoon/style.css HTTP/1.1" 200 79820
[31/Mar/2020 05:57:00] "GET /static/css/jquery-ui.css HTTP/1.1" 200 21738
[31/Mar/2020 05:57:00] "GET /static/css/owl.carousel.min.css HTTP/1.1" 200 2936
[31/Mar/2020 05:57:00] "GET /static/css/owl.theme.default.min.css HTTP/1.1" 200 965
[31/Mar/2020 05:57:00] "GET /static/css/jquery.fancybox.min.css HTTP/1.1" 200 12795
[31/Mar/2020 05:57:00] "GET /static/css/bootstrap.min.css HTTP/1.1" 200 177055
[31/Mar/2020 05:57:00] "GET /static/css/bootstrap-datepicker.css HTTP/1.1" 200 17144
[31/Mar/2020 05:57:00] "GET /static/fonts/flaticon/font/flaticon.css HTTP/1.1" 200 1330
[31/Mar/2020 05:57:00] "GET /static/css/aos.css HTTP/1.1" 200 25983
[31/Mar/2020 05:57:00] "GET /static/css/style.css HTTP/1.1" 200 36305
[31/Mar/2020 05:57:00] "GET /static/js/jquery-3.3.1.min.js HTTP/1.1" 200 86926
[31/Mar/2020 05:57:00] "GET /static/js/jquery-ui.js HTTP/1.1" 200 45799
[31/Mar/2020 05:57:00] "GET /static/js/popper.min.js HTTP/1.1" 200 20336
[31/Mar/2020 05:57:00] "GET /static/js/owl.carousel.min.js HTTP/1.1" 200 42766
[31/Mar/2020 05:57:00] "GET /static/js/bootstrap.min.js HTTP/1.1" 200 58072
[31/Mar/2020 05:57:00] "GET /static/js/jquery.easing.1.3.js HTTP/1.1" 200 8111
[31/Mar/2020 05:57:00] "GET /static/js/aos.js HTTP/1.1" 200 14244
[31/Mar/2020 05:57:00] "GET /static/js/jquery.fancybox.min.js HTTP/1.1" 200 68196
[31/Mar/2020 05:57:00] "GET /static/js/jquery.waypoints.min.js HTTP/1.1" 200 9029
[31/Mar/2020 05:57:00] "GET /static/js/jquery.animateNumber.min.js HTTP/1.1" 200 1391
[31/Mar/2020 05:57:00] "GET /static/js/jquery.sticky.js HTTP/1.1" 200 10084
[31/Mar/2020 05:57:00] "GET /static/fonts/icomoon/fonts/icomoon.ttf?10si43 HTTP/1.1" 200 307168
[31/Mar/2020 05:57:00] "GET /static/js/main.js HTTP/1.1" 200 8603
[31/Mar/2020 05:57:00] "GET /static/images/logo.png HTTP/1.1" 200 5522
[31/Mar/2020 05:57:00] "GET /static/images/img_5.jpg HTTP/1.1" 200 32781
[31/Mar/2020 05:57:00] "GET /static/images/img_7.jpg HTTP/1.1" 200 99392
[31/Mar/2020 05:57:00] "GET /static/images/img_8.jpg HTTP/1.1" 200 231834
[31/Mar/2020 05:57:00] "GET /static/images/person_3.jpg HTTP/1.1" 200 228890
[31/Mar/2020 05:57:00] "GET /static/images/person_2.jpg HTTP/1.1" 200 285512
[31/Mar/2020 05:57:01] "GET /static/images/img_6.jpg HTTP/1.1" 200 481844
[31/Mar/2020 05:57:01] "GET /static/images/about_1.jpg HTTP/1.1" 200 120610
[31/Mar/2020 05:57:01] "GET /static/images/person_4.jpg HTTP/1.1" 200 375097
Not Found: /favicon.ico
[31/Mar/2020 05:57:01] "GET /favicon.ico HTTP/1.1" 404 2631
[31/Mar/2020 05:57:11] "GET /landing/ HTTP/1.1" 200 8537
[31/Mar/2020 05:57:11] "GET /media/dynamicImg/project/61pHXsALAOL._AC_UY218_ML3_.jpg HTTP/1.1" 200 3826
[31/Mar/2020 05:57:14] "GET /index/ HTTP/1.1" 200 26149
[31/Mar/2020 05:57:14] "GET /static/fonts/icomoon/style.css HTTP/1.1" 200 79820
[31/Mar/2020 05:57:45] "GET /static/css/bootstrap.min.css HTTP/1.1" 200 177055
[31/Mar/2020 05:57:46] "GET /static/css/jquery-ui.css HTTP/1.1" 200 21738
[31/Mar/2020 05:57:46] "GET /static/css/owl.carousel.min.css HTTP/1.1" 200 2936
[31/Mar/2020 05:58:17] "GET /static/css/owl.theme.default.min.css HTTP/1.1" 200 965
[31/Mar/2020 05:58:17] "GET /static/css/jquery.fancybox.min.css HTTP/1.1" 200 12795
[31/Mar/2020 05:58:17] "GET /static/css/bootstrap-datepicker.css HTTP/1.1" 200 17144
[31/Mar/2020 06:00:03] "GET /static/fonts/flaticon/font/flaticon.css HTTP/1.1" 200 1330
[31/Mar/2020 06:36:06] "GET /index/ HTTP/1.1" 200 26149
[31/Mar/2020 06:36:07] "GET /static/fonts/icomoon/style.css HTTP/1.1" 200 79820
[31/Mar/2020 06:36:07] "GET /static/css/owl.carousel.min.css HTTP/1.1" 200 2936
[31/Mar/2020 06:36:07] "GET /static/css/jquery-ui.css HTTP/1.1" 200 21738
[31/Mar/2020 06:36:07] "GET /static/css/owl.theme.default.min.css HTTP/1.1" 200 965
[31/Mar/2020 06:36:07] "GET /static/css/jquery.fancybox.min.css HTTP/1.1" 200 12795
[31/Mar/2020 06:36:07] "GET /static/css/bootstrap.min.css HTTP/1.1" 200 177055
[31/Mar/2020 06:36:07] "GET /static/css/bootstrap-datepicker.css HTTP/1.1" 200 17144
[31/Mar/2020 06:36:07] "GET /static/fonts/flaticon/font/flaticon.css HTTP/1.1" 200 1330
[31/Mar/2020 06:36:07] "GET /static/css/aos.css HTTP/1.1" 200 25983
[31/Mar/2020 06:36:07] "GET /static/css/style.css HTTP/1.1" 200 36305
[31/Mar/2020 06:36:08] "GET /static/js/jquery-ui.js HTTP/1.1" 200 45799
[31/Mar/2020 06:36:08] "GET /static/js/popper.min.js HTTP/1.1" 200 20336
[31/Mar/2020 06:36:08] "GET /static/js/jquery-3.3.1.min.js HTTP/1.1" 200 86926
[31/Mar/2020 06:36:08] "GET /static/js/bootstrap.min.js HTTP/1.1" 200 58072
[31/Mar/2020 06:36:08] "GET /static/js/owl.carousel.min.js HTTP/1.1" 200 42766
[31/Mar/2020 06:36:08] "GET /static/js/jquery.easing.1.3.js HTTP/1.1" 200 8111
[31/Mar/2020 06:36:09] "GET /static/js/aos.js HTTP/1.1" 200 14244
[31/Mar/2020 06:36:09] "GET /static/js/jquery.fancybox.min.js HTTP/1.1" 200 68196
[31/Mar/2020 06:36:09] "GET /static/js/jquery.waypoints.min.js HTTP/1.1" 200 9029
[31/Mar/2020 06:36:09] "GET /static/js/jquery.animateNumber.min.js HTTP/1.1" 200 1391
[31/Mar/2020 06:36:09] "GET /static/js/jquery.sticky.js HTTP/1.1" 200 10084
[31/Mar/2020 06:36:09] "GET /static/js/main.js HTTP/1.1" 200 8603
[31/Mar/2020 06:36:09] "GET /static/images/logo.png HTTP/1.1" 200 5522
[31/Mar/2020 06:36:09] "GET /static/images/img_5.jpg HTTP/1.1" 200 32781
[31/Mar/2020 06:36:09] "GET /static/images/img_7.jpg HTTP/1.1" 200 99392
[31/Mar/2020 06:36:09] "GET /static/images/img_8.jpg HTTP/1.1" 200 231834
[31/Mar/2020 06:36:11] "GET /static/images/person_3.jpg HTTP/1.1" 200 228890
[31/Mar/2020 06:36:13] "GET /static/images/img_6.jpg HTTP/1.1" 200 481844
[31/Mar/2020 06:36:15] "GET /static/images/person_2.jpg HTTP/1.1" 200 285512
[31/Mar/2020 06:36:17] "GET /static/images/person_4.jpg HTTP/1.1" 200 375097
[31/Mar/2020 06:36:19] "GET /landing/ HTTP/1.1" 200 8537
[31/Mar/2020 06:36:19] "GET /static/images/about_1.jpg HTTP/1.1" 200 81920
[31/Mar/2020 06:36:19] "GET /static/fonts/icomoon/fonts/icomoon.ttf?10si43 HTTP/1.1" 200 245760
[31/Mar/2020 06:36:19] "GET /media/dynamicImg/project/61pHXsALAOL._AC_UY218_ML3_.jpg HTTP/1.1" 200 3826
[31/Mar/2020 06:36:19] "GET /static/fonts/icomoon/fonts/icomoon.ttf?10si43 HTTP/1.1" 200 307168
Not Found: /favicon.ico
[31/Mar/2020 06:36:20] "GET /favicon.ico HTTP/1.1" 404 2631
[31/Mar/2020 06:36:22] "GET /products/1/ HTTP/1.1" 200 8015
[31/Mar/2020 06:36:22] "GET /media/dynamicImg/project/ae0cdd65-2690-4867-afed-e08b3e3b260e._SR970300_.jpg HTTP/1.1" 200 43802
[31/Mar/2020 06:36:22] "GET /media/dynamicImg/project/homeautomation3-1024x640_a4IIod2.jpg HTTP/1.1" 200 152931
[31/Mar/2020 06:36:35] "GET /index/ HTTP/1.1" 200 26149
[31/Mar/2020 06:36:36] "GET /static/images/about_1.jpg HTTP/1.1" 200 120610
[31/Mar/2020 06:36:36] "GET /static/images/person_2.jpg HTTP/1.1" 200 285512
[31/Mar/2020 06:36:36] "GET /static/images/img_8.jpg HTTP/1.1" 200 231834
[31/Mar/2020 06:36:36] "GET /static/images/person_4.jpg HTTP/1.1" 200 375097
[31/Mar/2020 06:37:18] "GET /index/ HTTP/1.1" 200 26149
[31/Mar/2020 06:37:18] "GET /static/fonts/icomoon/style.css HTTP/1.1" 304 0
[31/Mar/2020 06:37:20] "GET /static/css/bootstrap.min.css HTTP/1.1" 304 0
[31/Mar/2020 06:39:29] "GET /static/css/jquery-ui.css HTTP/1.1" 304 0
[31/Mar/2020 06:39:29] "GET /static/css/owl.carousel.min.css HTTP/1.1" 304 0
[31/Mar/2020 06:39:29] "GET /static/css/owl.theme.default.min.css HTTP/1.1" 304 0
[31/Mar/2020 06:39:29] "GET /static/css/jquery.fancybox.min.css HTTP/1.1" 304 0
[31/Mar/2020 06:39:29] "GET /static/css/bootstrap-datepicker.css HTTP/1.1" 304 0
[31/Mar/2020 06:39:29] "GET /static/css/aos.css HTTP/1.1" 304 0
[31/Mar/2020 06:39:29] "GET /static/css/style.css HTTP/1.1" 304 0
[31/Mar/2020 06:39:29] "GET /static/fonts/flaticon/font/flaticon.css HTTP/1.1" 304 0
[31/Mar/2020 06:39:29] "GET /static/js/jquery-3.3.1.min.js HTTP/1.1" 304 0
[31/Mar/2020 06:39:29] "GET /static/js/jquery-ui.js HTTP/1.1" 304 0
[31/Mar/2020 06:39:29] "GET /static/js/popper.min.js HTTP/1.1" 304 0
[31/Mar/2020 06:39:29] "GET /static/js/bootstrap.min.js HTTP/1.1" 304 0
[31/Mar/2020 06:39:29] "GET /static/js/owl.carousel.min.js HTTP/1.1" 304 0
[31/Mar/2020 06:39:29] "GET /static/js/jquery.easing.1.3.js HTTP/1.1" 304 0
[31/Mar/2020 06:39:29] "GET /static/js/aos.js HTTP/1.1" 304 0
[31/Mar/2020 06:39:29] "GET /static/js/jquery.fancybox.min.js HTTP/1.1" 304 0
[31/Mar/2020 06:39:29] "GET /static/js/jquery.waypoints.min.js HTTP/1.1" 304 0
[31/Mar/2020 06:39:29] "GET /static/js/jquery.animateNumber.min.js HTTP/1.1" 304 0
[31/Mar/2020 06:39:29] "GET /static/js/jquery.sticky.js HTTP/1.1" 304 0
[31/Mar/2020 06:39:29] "GET /static/js/main.js HTTP/1.1" 304 0
[31/Mar/2020 06:39:29] "GET /static/images/logo.png HTTP/1.1" 304 0
[31/Mar/2020 06:39:29] "GET /static/images/img_5.jpg HTTP/1.1" 304 0
[31/Mar/2020 06:39:29] "GET /static/images/img_6.jpg HTTP/1.1" 304 0
[31/Mar/2020 06:39:29] "GET /static/images/img_7.jpg HTTP/1.1" 304 0
[31/Mar/2020 06:39:29] "GET /static/images/img_8.jpg HTTP/1.1" 304 0
[31/Mar/2020 06:39:29] "GET /static/images/person_2.jpg HTTP/1.1" 304 0
[31/Mar/2020 06:39:29] "GET /static/images/person_3.jpg HTTP/1.1" 304 0
[31/Mar/2020 06:39:29] "GET /static/images/person_4.jpg HTTP/1.1" 304 0
[31/Mar/2020 06:39:31] "GET /static/images/about_1.jpg HTTP/1.1" 304 0
Invalid HTTP_HOST header: 'ip-172-31-6-119.ap-south-1.compute.internal:8000'. You may need to add 'ip-172-31-6-119.ap-south-1.compute.internal' to ALLOWED_HOSTS.
[31/Mar/2020 07:07:47] "GET / HTTP/1.1" 400 59344
[31/Mar/2020 07:33:39] "GET / HTTP/1.1" 200 26149
[31/Mar/2020 07:33:40] "GET /static/fonts/icomoon/fonts/icomoon.ttf?10si43 HTTP/1.1" 304 0
[31/Mar/2020 09:01:33] "GET /index/ HTTP/1.1" 200 26149
[31/Mar/2020 09:01:33] "GET /static/fonts/icomoon/style.css HTTP/1.1" 304 0
[31/Mar/2020 09:01:33] "GET /static/css/bootstrap.min.css HTTP/1.1" 304 0
[31/Mar/2020 09:01:33] "GET /static/css/jquery-ui.css HTTP/1.1" 304 0
[31/Mar/2020 09:01:33] "GET /static/css/owl.carousel.min.css HTTP/1.1" 304 0
[31/Mar/2020 09:01:33] "GET /static/css/owl.theme.default.min.css HTTP/1.1" 304 0
[31/Mar/2020 09:01:33] "GET /static/css/jquery.fancybox.min.css HTTP/1.1" 304 0
[31/Mar/2020 09:01:33] "GET /static/css/bootstrap-datepicker.css HTTP/1.1" 304 0
[31/Mar/2020 09:01:33] "GET /static/fonts/flaticon/font/flaticon.css HTTP/1.1" 304 0
[31/Mar/2020 09:01:33] "GET /static/css/aos.css HTTP/1.1" 304 0
[31/Mar/2020 09:01:33] "GET /static/css/style.css HTTP/1.1" 304 0
[31/Mar/2020 09:01:33] "GET /static/js/jquery-3.3.1.min.js HTTP/1.1" 304 0
[31/Mar/2020 09:01:33] "GET /static/js/jquery-ui.js HTTP/1.1" 304 0
[31/Mar/2020 09:01:33] "GET /static/js/popper.min.js HTTP/1.1" 304 0
[31/Mar/2020 09:01:33] "GET /static/fonts/icomoon/fonts/icomoon.ttf?10si43 HTTP/1.1" 304 0
[31/Mar/2020 09:01:33] "GET /static/js/bootstrap.min.js HTTP/1.1" 304 0
[31/Mar/2020 09:01:33] "GET /static/js/owl.carousel.min.js HTTP/1.1" 304 0
[31/Mar/2020 09:01:33] "GET /static/js/jquery.easing.1.3.js HTTP/1.1" 304 0
[31/Mar/2020 09:01:33] "GET /static/js/aos.js HTTP/1.1" 304 0
[31/Mar/2020 09:01:33] "GET /static/js/jquery.fancybox.min.js HTTP/1.1" 304 0
[31/Mar/2020 09:01:33] "GET /static/js/jquery.waypoints.min.js HTTP/1.1" 304 0
[31/Mar/2020 09:01:33] "GET /static/js/jquery.animateNumber.min.js HTTP/1.1" 304 0
[31/Mar/2020 09:01:33] "GET /static/js/jquery.sticky.js HTTP/1.1" 304 0
[31/Mar/2020 09:01:33] "GET /static/js/main.js HTTP/1.1" 304 0
[31/Mar/2020 09:01:33] "GET /static/images/logo.png HTTP/1.1" 304 0
[31/Mar/2020 09:01:33] "GET /static/images/img_5.jpg HTTP/1.1" 304 0
[31/Mar/2020 09:01:33] "GET /static/images/img_6.jpg HTTP/1.1" 304 0
[31/Mar/2020 09:01:33] "GET /static/images/img_7.jpg HTTP/1.1" 304 0
[31/Mar/2020 09:01:33] "GET /static/images/img_8.jpg HTTP/1.1" 304 0
[31/Mar/2020 09:01:33] "GET /static/images/person_2.jpg HTTP/1.1" 304 0
[31/Mar/2020 09:01:33] "GET /static/images/person_3.jpg HTTP/1.1" 304 0
[31/Mar/2020 09:01:33] "GET /static/images/person_4.jpg HTTP/1.1" 304 0
[31/Mar/2020 09:01:33] "GET /static/images/about_1.jpg HTTP/1.1" 304 0
[31/Mar/2020 09:03:07] "GET /index/ HTTP/1.1" 200 26149
[31/Mar/2020 09:03:08] "GET /static/css/bootstrap.min.css HTTP/1.1" 304 0
[31/Mar/2020 09:03:08] "GET /static/fonts/icomoon/style.css HTTP/1.1" 304 0
[31/Mar/2020 09:03:08] "GET /static/css/jquery-ui.css HTTP/1.1" 304 0
[31/Mar/2020 09:03:08] "GET /static/css/owl.carousel.min.css HTTP/1.1" 304 0
[31/Mar/2020 09:03:08] "GET /static/css/owl.theme.default.min.css HTTP/1.1" 304 0
[31/Mar/2020 09:03:08] "GET /static/css/jquery.fancybox.min.css HTTP/1.1" 304 0
[31/Mar/2020 09:03:08] "GET /static/css/bootstrap-datepicker.css HTTP/1.1" 304 0
[31/Mar/2020 09:03:08] "GET /static/fonts/flaticon/font/flaticon.css HTTP/1.1" 304 0
[31/Mar/2020 09:03:08] "GET /static/css/aos.css HTTP/1.1" 304 0
[31/Mar/2020 09:03:08] "GET /static/css/style.css HTTP/1.1" 304 0
[31/Mar/2020 09:03:08] "GET /static/images/logo.png HTTP/1.1" 304 0
[31/Mar/2020 09:03:08] "GET /static/js/jquery-3.3.1.min.js HTTP/1.1" 304 0
[31/Mar/2020 09:03:08] "GET /static/js/jquery-ui.js HTTP/1.1" 304 0
[31/Mar/2020 09:03:08] "GET /static/js/popper.min.js HTTP/1.1" 304 0
[31/Mar/2020 09:03:08] "GET /static/js/bootstrap.min.js HTTP/1.1" 304 0
[31/Mar/2020 09:03:08] "GET /static/js/owl.carousel.min.js HTTP/1.1" 304 0
[31/Mar/2020 09:03:08] "GET /static/js/jquery.easing.1.3.js HTTP/1.1" 304 0
[31/Mar/2020 09:03:08] "GET /static/js/aos.js HTTP/1.1" 304 0
[31/Mar/2020 09:03:08] "GET /static/js/jquery.fancybox.min.js HTTP/1.1" 304 0
[31/Mar/2020 09:03:08] "GET /static/js/jquery.waypoints.min.js HTTP/1.1" 304 0
[31/Mar/2020 09:03:08] "GET /static/js/jquery.animateNumber.min.js HTTP/1.1" 304 0
[31/Mar/2020 09:03:08] "GET /static/js/jquery.sticky.js HTTP/1.1" 304 0
[31/Mar/2020 09:03:08] "GET /static/js/main.js HTTP/1.1" 304 0
[31/Mar/2020 09:03:08] "GET /static/images/img_5.jpg HTTP/1.1" 304 0
[31/Mar/2020 09:03:08] "GET /static/images/img_6.jpg HTTP/1.1" 304 0
[31/Mar/2020 09:03:08] "GET /static/images/img_7.jpg HTTP/1.1" 304 0
[31/Mar/2020 09:03:09] "GET /static/images/img_8.jpg HTTP/1.1" 304 0
[31/Mar/2020 09:03:11] "GET /static/images/person_2.jpg HTTP/1.1" 304 0
[31/Mar/2020 09:03:11] "GET /static/images/person_3.jpg HTTP/1.1" 304 0
[31/Mar/2020 09:03:11] "GET /static/images/person_4.jpg HTTP/1.1" 304 0
[31/Mar/2020 09:03:16] "GET /landing/ HTTP/1.1" 200 8537
[31/Mar/2020 09:03:16] "GET /media/dynamicImg/project/61pHXsALAOL._AC_UY218_ML3_.jpg HTTP/1.1" 304 0
[31/Mar/2020 09:03:18] "GET /products/1/ HTTP/1.1" 200 8015
[31/Mar/2020 09:03:18] "GET /media/dynamicImg/project/ae0cdd65-2690-4867-afed-e08b3e3b260e._SR970300_.jpg HTTP/1.1" 304 0
[31/Mar/2020 09:03:18] "GET /media/dynamicImg/project/homeautomation3-1024x640_a4IIod2.jpg HTTP/1.1" 304 0
----------------------------------------
Exception happened during processing of request from ('150.107.8.44', 43692)
Traceback (most recent call last):
  File "/usr/lib/python3.6/socketserver.py", line 654, in process_request_thread
    self.finish_request(request, client_address)
  File "/usr/lib/python3.6/socketserver.py", line 364, in finish_request
    self.RequestHandlerClass(request, client_address, self)
  File "/usr/lib/python3.6/socketserver.py", line 724, in __init__
    self.handle()
  File "/usr/lib/python3.6/site-packages/django/core/servers/basehttp.py", line 139, in handle
    self.raw_requestline = self.rfile.readline(65537)
  File "/usr/lib/python3.6/socket.py", line 586, in readinto
    return self._sock.recv_into(b)
ConnectionResetError: [Errno 104] Connection reset by peer
----------------------------------------
[31/Mar/2020 10:50:31] "GET /index/ HTTP/1.1" 200 26149
[31/Mar/2020 10:50:31] "GET /static/css/owl.theme.default.min.css HTTP/1.1" 200 965
[31/Mar/2020 10:50:31] "GET /static/images/img_5.jpg HTTP/1.1" 200 32781
[31/Mar/2020 10:50:31] "GET /static/css/jquery-ui.css HTTP/1.1" 200 21738
[31/Mar/2020 10:50:31] "GET /static/fonts/icomoon/style.css HTTP/1.1" 200 79820
[31/Mar/2020 10:50:31] "GET /static/css/owl.carousel.min.css HTTP/1.1" 200 2936
[31/Mar/2020 10:50:32] "GET /static/css/style.css HTTP/1.1" 200 36305
[31/Mar/2020 10:50:32] "GET /static/css/bootstrap.min.css HTTP/1.1" 200 177055
[31/Mar/2020 10:50:32] "GET /static/css/jquery.fancybox.min.css HTTP/1.1" 200 12795
[31/Mar/2020 10:50:32] "GET /static/images/img_5.jpg HTTP/1.1" 200 32781
[31/Mar/2020 10:50:32] "GET /static/css/jquery-ui.css HTTP/1.1" 200 21738
[31/Mar/2020 10:50:32] "GET /static/fonts/icomoon/style.css HTTP/1.1" 200 79820
Not Found: /favicon.ico
[31/Mar/2020 10:50:32] "GET /favicon.ico HTTP/1.1" 404 2631
[31/Mar/2020 10:50:32] "GET /static/fonts/flaticon/font/flaticon.css HTTP/1.1" 200 1330
[31/Mar/2020 10:50:32] "GET /static/js/jquery.sticky.js HTTP/1.1" 200 10084
[31/Mar/2020 10:50:32] "GET /static/css/bootstrap.min.css HTTP/1.1" 200 177055
[31/Mar/2020 10:50:32] "GET /static/images/logo.png HTTP/1.1" 200 5522
[31/Mar/2020 10:50:32] "GET /static/images/person_3.jpg HTTP/1.1" 200 228890
[31/Mar/2020 10:50:32] "GET /static/images/img_6.jpg HTTP/1.1" 200 481844
[31/Mar/2020 10:50:32] "GET /static/js/owl.carousel.min.js HTTP/1.1" 200 42766
[31/Mar/2020 10:50:32] "GET /static/css/bootstrap-datepicker.css HTTP/1.1" 200 17144
[31/Mar/2020 10:50:32] "GET /static/images/img_8.jpg HTTP/1.1" 200 231834
[31/Mar/2020 10:50:32] "GET /static/images/person_2.jpg HTTP/1.1" 200 285512
[31/Mar/2020 10:50:32] "GET /static/js/popper.min.js HTTP/1.1" 200 20336
[31/Mar/2020 10:50:32] "GET /static/css/aos.css HTTP/1.1" 200 25983
[31/Mar/2020 10:50:32] "GET /static/images/img_7.jpg HTTP/1.1" 200 99392
[31/Mar/2020 10:50:32] "GET /static/js/jquery.waypoints.min.js HTTP/1.1" 200 9029
[31/Mar/2020 10:50:32] "GET /static/js/jquery.animateNumber.min.js HTTP/1.1" 200 1391
[31/Mar/2020 10:50:32] "GET /static/js/jquery-3.3.1.min.js HTTP/1.1" 200 86926
[31/Mar/2020 10:50:32] "GET /static/images/about_1.jpg HTTP/1.1" 200 120610
[31/Mar/2020 10:50:32] "GET /static/js/jquery-ui.js HTTP/1.1" 200 45799
[31/Mar/2020 10:50:32] "GET /static/images/person_4.jpg HTTP/1.1" 200 375097
[31/Mar/2020 10:50:32] "GET /static/js/jquery.fancybox.min.js HTTP/1.1" 200 68196
[31/Mar/2020 10:50:32] "GET /static/js/main.js HTTP/1.1" 200 8603
[31/Mar/2020 10:50:33] "GET /static/js/jquery.easing.1.3.js HTTP/1.1" 200 8111
[31/Mar/2020 10:50:33] "GET /static/js/aos.js HTTP/1.1" 200 14244
[31/Mar/2020 10:50:33] "GET /static/js/bootstrap.min.js HTTP/1.1" 200 58072
[31/Mar/2020 10:50:33] "GET /static/fonts/icomoon/fonts/icomoon.ttf?10si43 HTTP/1.1" 200 307168
[31/Mar/2020 10:50:39] "GET /index/ HTTP/1.1" 200 26149
[31/Mar/2020 15:31:52] "GET /static/css/jquery-ui.css HTTP/1.1" 404 1685
[31/Mar/2020 15:32:02] "GET /static/css/owl.carousel.min.css HTTP/1.1" 404 1706
[31/Mar/2020 15:32:02] "GET /static/css/owl.theme.default.min.css HTTP/1.1" 404 1721
[31/Mar/2020 15:32:02] "GET /static/css/bootstrap-datepicker.css HTTP/1.1" 404 1718
[31/Mar/2020 15:32:02] "GET /static/css/jquery.fancybox.min.css HTTP/1.1" 404 1715
[31/Mar/2020 15:32:02] "GET /static/fonts/flaticon/font/flaticon.css HTTP/1.1" 404 1730
-------------- /var/www/ambientInfusion/ambientInfusion
-------------- /var/www/ambientInfusion/ambientInfusion/templates
Performing system checks...

System check identified no issues (0 silenced).
March 31, 2020 - 15:31:27
Django version 2.0, using settings 'ambientInfusion.settings'
Starting development server at http://0.0.0.0:8000/
Quit the server with CONTROL-C.
[31/Mar/2020 15:34:03] "GET /static/css/aos.css HTTP/1.1" 200 25983
[31/Mar/2020 15:34:13] "GET /static/css/style.css HTTP/1.1" 200 36305
[31/Mar/2020 15:34:13] "GET /static/images/logo.png HTTP/1.1" 200 5522
[31/Mar/2020 15:34:13] "GET / HTTP/1.1" 200 26149
[31/Mar/2020 15:34:13] "GET /static/fonts/icomoon/style.css HTTP/1.1" 200 79820
[31/Mar/2020 15:34:13] "GET /static/css/bootstrap.min.css HTTP/1.1" 200 147456
[01/Apr/2020 13:38:14] "GET /products/1/ HTTP/1.1" 200 8015
[01/Apr/2020 13:38:17] "GET /static/css/aos.css HTTP/1.1" 304 0
[01/Apr/2020 13:38:17] "GET /static/css/style.css HTTP/1.1" 304 0
[01/Apr/2020 13:38:27] "GET /static/fonts/icomoon/fonts/icomoon.ttf?10si43 HTTP/1.1" 304 0
[01/Apr/2020 13:38:27] "GET /static/js/jquery-3.3.1.min.js HTTP/1.1" 200 86926
[01/Apr/2020 13:38:27] "GET /static/images/logo.png HTTP/1.1" 200 5522
[01/Apr/2020 13:38:45] "GET /index/ HTTP/1.1" 200 26149
[01/Apr/2020 13:38:45] "GET /static/css/bootstrap.min.css.map HTTP/1.1" 304 0
[01/Apr/2020 13:38:45] "GET /static/js/popper.min.js.map HTTP/1.1" 404 1694
[01/Apr/2020 13:38:45] "GET /static/js/bootstrap.min.js.map HTTP/1.1" 404 1703
[01/Apr/2020 13:38:45] "GET /static/js/aos.js.map HTTP/1.1" 404 1673
[01/Apr/2020 13:38:45] "GET /static/css/bootstrap.min.css.map HTTP/1.1" 200 87088
[01/Apr/2020 13:38:45] "GET /static/css/bootstrap-datepicker.css.map HTTP/1.1" 404 1730
[01/Apr/2020 13:38:45] "GET /static/css/aos.css.map HTTP/1.1" 404 1679
[01/Apr/2020 13:38:45] "GET /static/js/popper.min.js.map HTTP/1.1" 404 1694
[01/Apr/2020 13:38:45] "GET /static/js/bootstrap.min.js.map HTTP/1.1" 404 1703
[01/Apr/2020 13:38:45] "GET /static/js/aos.js.map HTTP/1.1" 404 1673
[01/Apr/2020 13:38:45] "GET /static/css/bootstrap.min.css.map HTTP/1.1" 200 87088
[01/Apr/2020 13:38:45] "GET /static/css/bootstrap-datepicker.css.map HTTP/1.1" 404 1730
[01/Apr/2020 13:38:46] "GET /static/css/aos.css.map HTTP/1.1" 404 1679
[01/Apr/2020 13:38:46] "GET /static/js/popper.min.js.map HTTP/1.1" 404 1694
[01/Apr/2020 13:38:46] "GET /static/js/bootstrap.min.js.map HTTP/1.1" 404 1703
[01/Apr/2020 13:38:46] "GET /static/js/aos.js.map HTTP/1.1" 404 1673
[01/Apr/2020 13:38:46] "GET /static/js/popper.min.js HTTP/1.1" 200 20336
[01/Apr/2020 13:38:46] "GET /static/css/bootstrap.min.css.map HTTP/1.1" 200 87088
[01/Apr/2020 13:38:46] "GET /static/css/bootstrap-datepicker.css.map HTTP/1.1" 404 1730
[01/Apr/2020 13:38:46] "GET /static/css/aos.css.map HTTP/1.1" 404 1679
[01/Apr/2020 13:38:46] "GET /static/js/popper.min.js.map HTTP/1.1" 404 1694
[01/Apr/2020 13:38:46] "GET /static/js/bootstrap.min.js.map HTTP/1.1" 404 1703
[01/Apr/2020 13:38:46] "GET /static/js/aos.js.map HTTP/1.1" 404 1673
[01/Apr/2020 13:38:46] "GET /static/css/bootstrap.min.css.map HTTP/1.1" 200 87088
[01/Apr/2020 13:38:46] "GET /static/css/bootstrap-datepicker.css.map HTTP/1.1" 404 1730
[01/Apr/2020 13:38:46] "GET /static/css/aos.css.map HTTP/1.1" 404 1679
[01/Apr/2020 13:38:48] "GET /static/js/bootstrap.min.js HTTP/1.1" 200 58072
[01/Apr/2020 13:38:48] "GET /static/js/jquery-ui.js HTTP/1.1" 304 0
[01/Apr/2020 13:38:58] "GET /static/js/owl.carousel.min.js HTTP/1.1" 200 42766
[01/Apr/2020 13:38:58] "GET /static/js/jquery.easing.1.3.js HTTP/1.1" 200 8111
[01/Apr/2020 13:38:58] "GET /static/js/aos.js HTTP/1.1" 200 14244
[01/Apr/2020 13:39:01] "GET /landing/ HTTP/1.1" 200 8537
[01/Apr/2020 13:39:03] "GET /static/js/bootstrap.min.js.map HTTP/1.1" 404 1703
[01/Apr/2020 13:39:03] "GET /static/js/aos.js.map HTTP/1.1" 404 1673
[01/Apr/2020 13:39:03] "GET /static/css/bootstrap-datepicker.css.map HTTP/1.1" 404 1730
[01/Apr/2020 13:39:03] "GET /static/css/aos.css.map HTTP/1.1" 404 1679
[01/Apr/2020 13:39:03] "GET /static/js/popper.min.js.map HTTP/1.1" 404 1694
[01/Apr/2020 13:39:03] "GET /static/js/bootstrap.min.js.map HTTP/1.1" 404 1703
[01/Apr/2020 13:39:03] "GET /static/js/aos.js.map HTTP/1.1" 404 1673
[01/Apr/2020 13:39:06] "GET /products/1/ HTTP/1.1" 200 8015
[01/Apr/2020 13:39:07] "GET /static/css/bootstrap-datepicker.css.map HTTP/1.1" 404 1730
[01/Apr/2020 13:39:07] "GET /static/css/aos.css.map HTTP/1.1" 404 1679
[01/Apr/2020 13:39:07] "GET /static/js/popper.min.js.map HTTP/1.1" 404 1694
[01/Apr/2020 13:39:07] "GET /static/js/bootstrap.min.js.map HTTP/1.1" 404 1703
[01/Apr/2020 13:39:07] "GET /static/js/aos.js.map HTTP/1.1" 404 1673
[01/Apr/2020 13:39:09] "GET /index/ HTTP/1.1" 200 26149
[01/Apr/2020 13:39:10] "GET /static/css/bootstrap-datepicker.css.map HTTP/1.1" 404 1730
[01/Apr/2020 13:39:10] "GET /static/css/aos.css.map HTTP/1.1" 404 1679
[01/Apr/2020 13:39:10] "GET /static/js/popper.min.js.map HTTP/1.1" 404 1694
[01/Apr/2020 13:39:10] "GET /static/js/bootstrap.min.js.map HTTP/1.1" 404 1703
[01/Apr/2020 13:39:10] "GET /static/js/popper.min.js.map HTTP/1.1" 404 1694
[01/Apr/2020 13:39:10] "GET /static/js/aos.js.map HTTP/1.1" 404 1673
[01/Apr/2020 13:39:12] "GET /index/ HTTP/1.1" 200 26149
[01/Apr/2020 13:39:13] "GET /static/css/bootstrap-datepicker.css.map HTTP/1.1" 404 1730
[01/Apr/2020 13:39:13] "GET /static/css/aos.css.map HTTP/1.1" 404 1679
[01/Apr/2020 13:39:13] "GET /static/js/bootstrap.min.js.map HTTP/1.1" 404 1703
[01/Apr/2020 13:39:13] "GET /static/js/popper.min.js.map HTTP/1.1" 404 1694
[01/Apr/2020 13:39:13] "GET /static/js/aos.js.map HTTP/1.1" 404 1673
[01/Apr/2020 13:39:18] "GET /products/1/ HTTP/1.1" 200 8015
[01/Apr/2020 13:39:19] "GET /static/css/bootstrap-datepicker.css.map HTTP/1.1" 404 1730
[01/Apr/2020 13:39:19] "GET /static/css/aos.css.map HTTP/1.1" 404 1679
[01/Apr/2020 13:39:19] "GET /static/js/bootstrap.min.js.map HTTP/1.1" 404 1703
[01/Apr/2020 13:39:19] "GET /static/js/popper.min.js.map HTTP/1.1" 404 1694
[01/Apr/2020 13:39:20] "GET /static/js/jquery.fancybox.min.js HTTP/1.1" 200 68196
[01/Apr/2020 13:39:20] "GET /static/js/jquery.waypoints.min.js HTTP/1.1" 200 9029
[01/Apr/2020 13:39:30] "GET /static/js/jquery.animateNumber.min.js HTTP/1.1" 200 1391
[01/Apr/2020 13:39:30] "GET /static/js/jquery.sticky.js HTTP/1.1" 200 10084
[01/Apr/2020 13:39:30] "GET /static/js/main.js HTTP/1.1" 200 8603
[01/Apr/2020 13:39:49] "GET /index/ HTTP/1.1" 200 26149
[01/Apr/2020 13:39:51] "GET /static/images/img_5.jpg HTTP/1.1" 304 0
[01/Apr/2020 13:43:03] "GET /static/js/bootstrap.min.js.map HTTP/1.1" 404 1703
[01/Apr/2020 13:43:03] "GET /landing/ HTTP/1.1" 200 8537
[01/Apr/2020 13:43:03] "GET /static/js/popper.min.js.map HTTP/1.1" 404 1694
[01/Apr/2020 13:45:14] "GET /static/js/bootstrap.min.js.map HTTP/1.1" 404 1703
[01/Apr/2020 13:45:14] "GET /static/css/bootstrap-datepicker.css.map HTTP/1.1" 404 1730
[01/Apr/2020 13:45:14] "GET /products/1/ HTTP/1.1" 200 8015
[01/Apr/2020 13:45:14] "GET /static/js/aos.js.map HTTP/1.1" 404 1673
[01/Apr/2020 13:45:18] "GET /static/css/aos.css.map HTTP/1.1" 404 1679
Not Found: /favicon.ico
[01/Apr/2020 15:08:02] "GET /favicon.ico HTTP/1.1" 404 2631
[26/Apr/2020 14:16:22] "GET /index/ HTTP/1.1" 200 26149
[26/Apr/2020 14:16:23] "GET /static/css/jquery-ui.css HTTP/1.1" 200 21738
[26/Apr/2020 14:16:23] "GET /static/css/owl.carousel.min.css HTTP/1.1" 200 2936
[26/Apr/2020 14:16:23] "GET /static/fonts/icomoon/style.css HTTP/1.1" 200 79820
[26/Apr/2020 14:16:23] "GET /static/css/owl.theme.default.min.css HTTP/1.1" 200 965
[26/Apr/2020 14:16:23] "GET /static/css/jquery.fancybox.min.css HTTP/1.1" 200 12795
[26/Apr/2020 14:16:23] "GET /static/css/bootstrap-datepicker.css HTTP/1.1" 200 17144
[26/Apr/2020 14:16:23] "GET /static/css/bootstrap.min.css HTTP/1.1" 200 177055
[26/Apr/2020 14:16:23] "GET /static/fonts/flaticon/font/flaticon.css HTTP/1.1" 200 1330
[26/Apr/2020 14:16:23] "GET /static/css/aos.css HTTP/1.1" 200 25983
[26/Apr/2020 14:16:23] "GET /static/css/style.css HTTP/1.1" 200 36305
[26/Apr/2020 14:16:23] "GET /static/js/jquery-3.3.1.min.js HTTP/1.1" 200 86926
[26/Apr/2020 14:16:23] "GET /static/js/popper.min.js HTTP/1.1" 200 20336
[26/Apr/2020 14:16:23] "GET /static/js/jquery-ui.js HTTP/1.1" 200 45799
[26/Apr/2020 14:16:23] "GET /static/js/bootstrap.min.js HTTP/1.1" 200 58072
[26/Apr/2020 14:16:23] "GET /static/js/owl.carousel.min.js HTTP/1.1" 200 42766
[26/Apr/2020 14:16:23] "GET /static/js/jquery.easing.1.3.js HTTP/1.1" 200 8111
[26/Apr/2020 14:16:23] "GET /static/images/logo.png HTTP/1.1" 200 5522
[26/Apr/2020 14:16:23] "GET /static/js/aos.js HTTP/1.1" 200 14244
[26/Apr/2020 14:16:23] "GET /static/js/jquery.waypoints.min.js HTTP/1.1" 200 9029
[26/Apr/2020 14:16:23] "GET /static/js/jquery.fancybox.min.js HTTP/1.1" 200 68196
[26/Apr/2020 14:16:23] "GET /static/js/jquery.animateNumber.min.js HTTP/1.1" 200 1391
[26/Apr/2020 14:16:23] "GET /static/js/jquery.sticky.js HTTP/1.1" 200 10084
[26/Apr/2020 14:16:23] "GET /static/js/main.js HTTP/1.1" 200 8603
[26/Apr/2020 14:16:23] "GET /static/images/img_5.jpg HTTP/1.1" 200 32781
[26/Apr/2020 14:16:23] "GET /static/images/img_7.jpg HTTP/1.1" 200 99392
[26/Apr/2020 14:16:23] "GET /static/fonts/icomoon/fonts/icomoon.ttf?10si43 HTTP/1.1" 200 307168
[26/Apr/2020 14:16:23] "GET /static/images/img_8.jpg HTTP/1.1" 200 231834
[26/Apr/2020 14:16:23] "GET /static/images/person_3.jpg HTTP/1.1" 200 228890
[26/Apr/2020 14:16:23] "GET /static/images/person_2.jpg HTTP/1.1" 200 285512
[26/Apr/2020 14:16:23] "GET /static/images/img_6.jpg HTTP/1.1" 200 481844
[26/Apr/2020 14:16:23] "GET /static/images/about_1.jpg HTTP/1.1" 200 120610
[26/Apr/2020 14:16:24] "GET /static/images/person_4.jpg HTTP/1.1" 200 375097
Not Found: /favicon.ico
[26/Apr/2020 14:16:24] "GET /favicon.ico HTTP/1.1" 404 2631
[26/Apr/2020 14:17:08] "GET /index/ HTTP/1.1" 200 26149
[26/Apr/2020 14:17:33] "GET /index/ HTTP/1.1" 200 26149
[26/Apr/2020 14:17:43] "GET /landing/ HTTP/1.1" 200 8495
[26/Apr/2020 14:17:43] "GET /media/dynamicImg/project/61pHXsALAOL._AC_UY218_ML3_.jpg HTTP/1.1" 200 3826
[26/Apr/2020 14:17:48] "GET /products/1/ HTTP/1.1" 200 8003
[26/Apr/2020 14:17:48] "GET /media/dynamicImg/project/ae0cdd65-2690-4867-afed-e08b3e3b260e._SR970300_.jpg HTTP/1.1" 200 43802
[26/Apr/2020 14:17:48] "GET /media/dynamicImg/project/homeautomation3-1024x640_a4IIod2.jpg HTTP/1.1" 200 152931
[26/Apr/2020 14:17:55] "GET /index/ HTTP/1.1" 200 26149
[26/Apr/2020 14:18:12] "GET /index/ HTTP/1.1" 200 26149
[26/Apr/2020 14:18:42] "GET /index/ HTTP/1.1" 200 26149
[26/Apr/2020 14:18:43] "GET /static/fonts/icomoon/style.css HTTP/1.1" 200 79820
[26/Apr/2020 14:18:43] "GET /static/css/jquery-ui.css HTTP/1.1" 200 21738
[26/Apr/2020 14:18:43] "GET /static/css/owl.carousel.min.css HTTP/1.1" 200 2936
[26/Apr/2020 14:18:43] "GET /static/css/owl.theme.default.min.css HTTP/1.1" 200 965
[26/Apr/2020 14:18:44] "GET /static/css/jquery.fancybox.min.css HTTP/1.1" 200 12795
[26/Apr/2020 14:18:45] "GET /static/css/bootstrap.min.css HTTP/1.1" 200 177055
[26/Apr/2020 14:18:47] "GET /static/css/bootstrap-datepicker.css HTTP/1.1" 200 17144
[26/Apr/2020 14:18:47] "GET /static/fonts/flaticon/font/flaticon.css HTTP/1.1" 200 1330
[26/Apr/2020 14:18:47] "GET /static/css/aos.css HTTP/1.1" 200 25983
[26/Apr/2020 14:18:47] "GET /static/css/style.css HTTP/1.1" 200 36305
[26/Apr/2020 14:18:51] "GET /static/js/jquery-ui.js HTTP/1.1" 200 45799
[26/Apr/2020 14:18:52] "GET /static/images/logo.png HTTP/1.1" 200 5522
[26/Apr/2020 14:18:52] "GET /static/js/popper.min.js HTTP/1.1" 200 20336
[26/Apr/2020 14:18:54] "GET /static/js/owl.carousel.min.js HTTP/1.1" 200 42766
[26/Apr/2020 14:18:54] "GET /static/js/jquery-3.3.1.min.js HTTP/1.1" 200 86926
[26/Apr/2020 14:18:55] "GET /static/js/bootstrap.min.js HTTP/1.1" 200 58072
[26/Apr/2020 14:18:56] "GET /static/js/jquery.easing.1.3.js HTTP/1.1" 200 8111
[26/Apr/2020 14:18:57] "GET /static/js/aos.js HTTP/1.1" 200 14244
[26/Apr/2020 14:18:59] "GET /static/js/jquery.waypoints.min.js HTTP/1.1" 200 9029
[26/Apr/2020 14:19:00] "GET /static/js/jquery.animateNumber.min.js HTTP/1.1" 200 1391
[26/Apr/2020 14:19:02] "GET /static/js/jquery.sticky.js HTTP/1.1" 200 10084
[26/Apr/2020 14:19:04] "GET /static/js/jquery.fancybox.min.js HTTP/1.1" 200 68196
[26/Apr/2020 14:19:05] "GET /static/js/main.js HTTP/1.1" 200 8603
[26/Apr/2020 14:19:05] "GET /static/images/img_5.jpg HTTP/1.1" 200 32781
[26/Apr/2020 14:19:11] "GET /static/images/img_7.jpg HTTP/1.1" 200 99392
[26/Apr/2020 14:19:21] "GET /static/images/img_8.jpg HTTP/1.1" 200 231834
[26/Apr/2020 14:19:27] "GET /static/images/about_1.jpg HTTP/1.1" 200 120610
[26/Apr/2020 14:19:30] "GET /static/images/person_2.jpg HTTP/1.1" 200 285512
[26/Apr/2020 14:19:31] "GET /static/images/person_3.jpg HTTP/1.1" 200 228890
[26/Apr/2020 14:19:36] "GET /static/images/person_4.jpg HTTP/1.1" 200 375097
[26/Apr/2020 14:19:37] "GET /static/images/img_6.jpg HTTP/1.1" 200 481844
[26/Apr/2020 14:19:42] "GET /static/fonts/icomoon/fonts/icomoon.ttf?10si43 HTTP/1.1" 200 307168
Not Found: /favicon.ico
[26/Apr/2020 14:19:45] "GET /favicon.ico HTTP/1.1" 404 2631
[26/Apr/2020 14:23:12] "GET /admin HTTP/1.1" 301 0
[26/Apr/2020 14:23:12] "GET /admin/ HTTP/1.1" 302 0
[26/Apr/2020 14:23:12] "GET /admin/login/?next=/admin/ HTTP/1.1" 200 1855
[26/Apr/2020 14:23:23] "POST /admin/login/?next=/admin/ HTTP/1.1" 302 0
[26/Apr/2020 14:23:23] "GET /admin/ HTTP/1.1" 200 5900
[26/Apr/2020 14:23:23] "GET /static/admin/css/dashboard.css HTTP/1.1" 200 412
[26/Apr/2020 14:23:23] "GET /static/admin/img/icon-addlink.svg HTTP/1.1" 200 331
[26/Apr/2020 14:23:23] "GET /static/admin/img/icon-changelink.svg HTTP/1.1" 200 380
[26/Apr/2020 14:23:23] "GET /static/admin/fonts/Roboto-Bold-webfont.woff HTTP/1.1" 200 82564
[26/Apr/2020 14:23:28] "GET /admin/website/product/ HTTP/1.1" 200 4490
[26/Apr/2020 14:23:28] "GET /static/admin/css/changelists.css HTTP/1.1" 200 6170
[26/Apr/2020 14:23:28] "GET /admin/jsi18n/ HTTP/1.1" 200 3185
[26/Apr/2020 14:23:28] "GET /static/admin/js/jquery.init.js HTTP/1.1" 200 363
[26/Apr/2020 14:23:28] "GET /static/admin/js/core.js HTTP/1.1" 200 7134
[26/Apr/2020 14:23:28] "GET /static/admin/js/admin/RelatedObjectLookups.js HTTP/1.1" 200 6897
[26/Apr/2020 14:23:28] "GET /static/admin/js/actions.js HTTP/1.1" 200 6502
[26/Apr/2020 14:23:28] "GET /static/admin/js/vendor/jquery/jquery.js HTTP/1.1" 200 258648
[26/Apr/2020 14:23:28] "GET /static/admin/js/urlify.js HTTP/1.1" 200 8729
[26/Apr/2020 14:23:28] "GET /static/admin/js/prepopulate.js HTTP/1.1" 200 1538
[26/Apr/2020 14:23:28] "GET /static/admin/js/vendor/xregexp/xregexp.js HTTP/1.1" 200 128820
[26/Apr/2020 14:23:29] "GET /static/admin/img/tooltag-add.svg HTTP/1.1" 200 331
[26/Apr/2020 14:23:32] "GET /admin/website/product/1/change/ HTTP/1.1" 200 10027
[26/Apr/2020 14:23:32] "GET /static/admin/css/forms.css HTTP/1.1" 200 8173
[26/Apr/2020 14:23:32] "GET /admin/jsi18n/ HTTP/1.1" 200 3185
[26/Apr/2020 14:23:32] "GET /static/admin/js/change_form.js HTTP/1.1" 200 712
[26/Apr/2020 14:23:32] "GET /static/admin/js/prepopulate_init.js HTTP/1.1" 200 495
[26/Apr/2020 14:23:32] "GET /static/admin/css/widgets.css HTTP/1.1" 200 10340
[26/Apr/2020 14:23:36] "GET /admin/website/product/ HTTP/1.1" 200 4490
[26/Apr/2020 14:23:39] "GET /admin/website/product/add/ HTTP/1.1" 200 7325
[26/Apr/2020 14:23:39] "GET /admin/jsi18n/ HTTP/1.1" 200 3185
[26/Apr/2020 14:25:18] "POST /admin/website/product/add/ HTTP/1.1" 302 0
[26/Apr/2020 14:25:18] "GET /admin/website/product/ HTTP/1.1" 200 4921
[26/Apr/2020 14:25:18] "GET /admin/jsi18n/ HTTP/1.1" 200 3185
[26/Apr/2020 14:25:18] "GET /static/admin/img/icon-yes.svg HTTP/1.1" 200 436
[26/Apr/2020 14:25:25] "GET /landing/ HTTP/1.1" 200 9282
[26/Apr/2020 14:25:25] "GET /media/dynamicImg/project/24April.png HTTP/1.1" 200 139786
[26/Apr/2020 14:25:35] "GET /admin/website/product/2/change/ HTTP/1.1" 200 8696
[26/Apr/2020 14:25:35] "GET /admin/jsi18n/ HTTP/1.1" 200 3185
[26/Apr/2020 14:25:40] "POST /admin/website/product/2/change/ HTTP/1.1" 302 0
[26/Apr/2020 14:25:40] "GET /admin/website/product/ HTTP/1.1" 200 4923
[26/Apr/2020 14:25:41] "GET /admin/jsi18n/ HTTP/1.1" 200 3185
[26/Apr/2020 14:25:44] "GET /landing/ HTTP/1.1" 200 9224
[26/Apr/2020 14:25:44] "GET /media/dynamicImg/project/24April.png HTTP/1.1" 304 0
[26/Apr/2020 14:27:08] "GET /admin/logout/ HTTP/1.1" 200 1215
[26/Apr/2020 14:27:29] "GET /admin/ HTTP/1.1" 302 0
[26/Apr/2020 14:27:29] "GET /admin/login/?next=/admin/ HTTP/1.1" 200 1855
[26/Apr/2020 14:29:22] "GET /index/ HTTP/1.1" 200 26149
[26/Apr/2020 14:29:37] "GET /index/ HTTP/1.1" 200 26149
[26/Apr/2020 14:29:48] "GET /static/css/jquery-ui.css HTTP/1.1" 200 21738
[26/Apr/2020 14:29:51] "GET /static/css/owl.carousel.min.css HTTP/1.1" 200 2936
[26/Apr/2020 14:29:54] "GET /static/css/owl.theme.default.min.css HTTP/1.1" 200 965
[26/Apr/2020 14:30:00] "GET /static/fonts/icomoon/style.css HTTP/1.1" 200 79820
[26/Apr/2020 14:30:07] "GET /static/css/jquery.fancybox.min.css HTTP/1.1" 200 12795
[26/Apr/2020 14:30:08] "GET /static/css/bootstrap-datepicker.css HTTP/1.1" 200 17144
[26/Apr/2020 14:30:31] "GET /static/fonts/flaticon/font/flaticon.css HTTP/1.1" 200 1330
[26/Apr/2020 14:30:40] "GET /static/css/aos.css HTTP/1.1" 200 25983
[26/Apr/2020 14:31:03] "GET / HTTP/1.1" 200 26149
[26/Apr/2020 14:31:16] "GET /admin/login/? HTTP/1.1" 200 1842
[26/Apr/2020 14:31:19] "GET /index/ HTTP/1.1" 200 26149
[26/Apr/2020 14:31:27] "GET /index/ HTTP/1.1" 200 26149
[26/Apr/2020 14:31:32] "GET /static/css/bootstrap.min.css HTTP/1.1" 200 147456
[26/Apr/2020 14:31:37] "GET /admin/login/?next=/admin/ HTTP/1.1" 200 1855
[26/Apr/2020 14:31:38] "GET /static/css/jquery-ui.css HTTP/1.1" 200 21738
[26/Apr/2020 14:31:39] "GET /static/admin/css/base.css HTTP/1.1" 200 16106
[26/Apr/2020 14:31:40] "GET /static/admin/css/login.css HTTP/1.1" 200 1203
[26/Apr/2020 14:31:40] "GET /static/admin/css/responsive.css HTTP/1.1" 200 17894
[26/Apr/2020 14:31:41] "GET /static/css/jquery.fancybox.min.css HTTP/1.1" 200 12795
[26/Apr/2020 14:31:44] "GET /static/fonts/flaticon/font/flaticon.css HTTP/1.1" 200 1330
[26/Apr/2020 14:31:44] "GET /static/css/aos.css HTTP/1.1" 200 25983
[26/Apr/2020 14:31:51] "GET /static/admin/css/fonts.css HTTP/1.1" 200 423
[26/Apr/2020 14:32:02] "GET /static/css/style.css HTTP/1.1" 200 36305
[26/Apr/2020 14:32:04] "GET /static/admin/fonts/Roboto-Regular-webfont.woff HTTP/1.1" 200 49152
[26/Apr/2020 14:32:08] "GET /static/admin/fonts/Roboto-Light-webfont.woff HTTP/1.1" 200 49152
[26/Apr/2020 14:32:14] "GET /admin/login/?next=/admin/ HTTP/1.1" 200 1855
[26/Apr/2020 14:32:16] "GET /static/images/logo.png HTTP/1.1" 200 5522
[26/Apr/2020 14:32:16] "GET /static/admin/css/base.css HTTP/1.1" 200 16106
[26/Apr/2020 14:32:18] "GET /static/admin/css/login.css HTTP/1.1" 200 1203
[26/Apr/2020 14:32:18] "GET /static/admin/css/responsive.css HTTP/1.1" 200 17894
[26/Apr/2020 14:32:32] "GET /static/admin/css/fonts.css HTTP/1.1" 200 423
[26/Apr/2020 14:32:49] "GET /static/admin/fonts/Roboto-Light-webfont.woff HTTP/1.1" 200 81348
[26/Apr/2020 14:32:54] "GET /static/images/img_5.jpg HTTP/1.1" 200 32781
[26/Apr/2020 14:32:54] "GET /static/css/bootstrap.min.css HTTP/1.1" 200 177055
[26/Apr/2020 14:33:06] "GET /static/admin/fonts/Roboto-Regular-webfont.woff HTTP/1.1" 200 80304
[26/Apr/2020 14:33:59] "GET /static/js/jquery-3.3.1.min.js HTTP/1.1" 200 86926
[26/Apr/2020 14:34:10] "GET /static/js/jquery-ui.js HTTP/1.1" 200 45799
Not Found: /favicon.ico
[26/Apr/2020 14:34:15] "GET /favicon.ico HTTP/1.1" 404 2622
[26/Apr/2020 14:34:17] "GET /static/js/popper.min.js HTTP/1.1" 200 20336
[26/Apr/2020 14:34:21] "GET /static/fonts/icomoon/fonts/icomoon.ttf?10si43 HTTP/1.1" 200 307168
[26/Apr/2020 14:34:38] "GET /static/js/owl.carousel.min.js HTTP/1.1" 200 42766
[26/Apr/2020 14:34:51] "GET /static/js/bootstrap.min.js HTTP/1.1" 200 58072
[26/Apr/2020 14:34:52] "GET /static/js/jquery.easing.1.3.js HTTP/1.1" 200 8111
[26/Apr/2020 14:34:59] "GET /static/js/aos.js HTTP/1.1" 200 14244
[26/Apr/2020 14:35:14] "GET /static/js/jquery.fancybox.min.js HTTP/1.1" 200 68196
[26/Apr/2020 14:35:16] "GET /static/js/jquery.waypoints.min.js HTTP/1.1" 200 9029
[26/Apr/2020 14:35:19] "GET /static/js/jquery.animateNumber.min.js HTTP/1.1" 200 1391
[26/Apr/2020 14:35:22] "GET /static/js/jquery.sticky.js HTTP/1.1" 200 10084
[26/Apr/2020 14:35:22] "GET /static/js/main.js HTTP/1.1" 200 8603
[26/Apr/2020 14:35:24] "POST /admin/login/?next=/admin/ HTTP/1.1" 302 0
[26/Apr/2020 14:35:24] "GET /admin/ HTTP/1.1" 200 6527
[26/Apr/2020 14:35:25] "GET /static/admin/css/dashboard.css HTTP/1.1" 200 412
[26/Apr/2020 14:35:25] "GET /static/admin/img/icon-addlink.svg HTTP/1.1" 200 331
[26/Apr/2020 14:35:25] "GET /static/admin/img/icon-changelink.svg HTTP/1.1" 200 380
[26/Apr/2020 14:35:28] "GET /static/admin/fonts/Roboto-Bold-webfont.woff HTTP/1.1" 200 82564
[26/Apr/2020 14:35:34] "GET /static/images/img_7.jpg HTTP/1.1" 200 99392
[26/Apr/2020 14:35:35] "GET /admin/website/product/ HTTP/1.1" 200 4714
[26/Apr/2020 14:35:36] "GET /static/admin/css/changelists.css HTTP/1.1" 200 6170
[26/Apr/2020 14:35:37] "GET /admin/jsi18n/ HTTP/1.1" 200 3185
[26/Apr/2020 14:35:37] "GET /static/admin/js/jquery.init.js HTTP/1.1" 200 363
[26/Apr/2020 14:35:37] "GET /static/admin/js/core.js HTTP/1.1" 200 7134
[26/Apr/2020 14:35:37] "GET /static/admin/js/admin/RelatedObjectLookups.js HTTP/1.1" 200 6897
[26/Apr/2020 14:35:43] "GET /static/admin/js/actions.js HTTP/1.1" 200 6502
[26/Apr/2020 14:35:44] "GET /static/images/img_6.jpg HTTP/1.1" 200 481844
[26/Apr/2020 14:35:46] "GET /static/admin/js/urlify.js HTTP/1.1" 200 8729
[26/Apr/2020 14:35:46] "GET /static/admin/js/prepopulate.js HTTP/1.1" 200 1538
[26/Apr/2020 14:36:07] "GET / HTTP/1.1" 200 26149
[26/Apr/2020 14:36:09] "GET /static/images/img_8.jpg HTTP/1.1" 200 231834
[26/Apr/2020 14:36:09] "GET /static/admin/js/vendor/xregexp/xregexp.js HTTP/1.1" 200 98304
[26/Apr/2020 14:36:12] "GET /static/css/jquery-ui.css HTTP/1.1" 200 21738
[26/Apr/2020 14:36:12] "GET /static/css/owl.carousel.min.css HTTP/1.1" 200 2936
[26/Apr/2020 14:36:12] "GET /static/css/owl.theme.default.min.css HTTP/1.1" 200 965
[26/Apr/2020 14:36:16] "GET /static/css/jquery.fancybox.min.css HTTP/1.1" 200 12795
[26/Apr/2020 14:36:17] "GET /static/admin/js/vendor/jquery/jquery.js HTTP/1.1" 200 188416
[26/Apr/2020 14:36:24] "GET /static/css/bootstrap-datepicker.css HTTP/1.1" 200 17144
[26/Apr/2020 14:36:26] "GET /static/fonts/flaticon/font/flaticon.css HTTP/1.1" 200 1330
[26/Apr/2020 14:36:29] "GET /static/css/aos.css HTTP/1.1" 200 25983
[26/Apr/2020 14:36:32] "GET /static/css/style.css HTTP/1.1" 200 36305
[26/Apr/2020 14:36:33] "GET /static/fonts/icomoon/style.css HTTP/1.1" 200 79820
[26/Apr/2020 14:36:36] "GET /index/ HTTP/1.1" 200 26149
[26/Apr/2020 14:36:36] "GET /admin/website/product/ HTTP/1.1" 200 4714
[26/Apr/2020 14:36:40] "GET /static/css/aos.css HTTP/1.1" 200 25983
[26/Apr/2020 14:36:40] "GET /static/css/style.css HTTP/1.1" 200 36305
[26/Apr/2020 14:36:41] "GET /static/css/bootstrap.min.css HTTP/1.1" 200 122880
[26/Apr/2020 14:36:42] "GET /admin/jsi18n/ HTTP/1.1" 200 3185
[26/Apr/2020 14:36:47] "GET /static/fonts/icomoon/style.css HTTP/1.1" 200 79820
[26/Apr/2020 14:36:50] "GET /static/images/logo.png HTTP/1.1" 200 5522
[26/Apr/2020 14:36:51] "GET /static/admin/js/vendor/jquery/jquery.js HTTP/1.1" 200 114688
[26/Apr/2020 14:36:59] "GET /static/images/person_2.jpg HTTP/1.1" 200 285512
[26/Apr/2020 14:37:00] "GET /static/js/popper.min.js HTTP/1.1" 200 20336
[26/Apr/2020 14:37:00] "GET /static/js/owl.carousel.min.js HTTP/1.1" 200 42766
[26/Apr/2020 14:37:04] "GET /static/css/bootstrap.min.css HTTP/1.1" 200 177055
[26/Apr/2020 14:37:07] "GET /static/js/jquery.easing.1.3.js HTTP/1.1" 200 8111
[26/Apr/2020 14:37:07] "GET /static/js/bootstrap.min.js HTTP/1.1" 200 58072
[26/Apr/2020 14:37:15] "GET /static/js/jquery-3.3.1.min.js HTTP/1.1" 200 86926
[26/Apr/2020 14:37:16] "GET /static/js/aos.js HTTP/1.1" 200 14244
[26/Apr/2020 14:37:17] "GET /static/js/jquery-ui.js HTTP/1.1" 200 45799
[26/Apr/2020 14:37:34] "GET /static/js/jquery.waypoints.min.js HTTP/1.1" 200 9029
[26/Apr/2020 14:37:34] "GET /static/js/jquery.animateNumber.min.js HTTP/1.1" 200 1391
[26/Apr/2020 14:37:35] "GET /static/js/jquery.fancybox.min.js HTTP/1.1" 200 68196
[26/Apr/2020 14:37:36] "GET /static/js/jquery.sticky.js HTTP/1.1" 200 10084
[26/Apr/2020 14:37:36] "GET /static/images/img_5.jpg HTTP/1.1" 200 32781
[26/Apr/2020 14:37:36] "GET /static/js/main.js HTTP/1.1" 200 8603
[26/Apr/2020 14:37:38] "GET /static/images/about_1.jpg HTTP/1.1" 200 120610
[26/Apr/2020 14:37:44] "GET /static/images/img_7.jpg HTTP/1.1" 200 99392
[26/Apr/2020 14:37:53] "GET /products/2/ HTTP/1.1" 200 8003
[26/Apr/2020 14:38:00] "GET /index/ HTTP/1.1" 200 26149
[26/Apr/2020 14:38:02] "GET /index/ HTTP/1.1" 200 26149
[26/Apr/2020 14:38:08] "GET /landing/ HTTP/1.1" 200 9224
[26/Apr/2020 14:38:08] "GET /media/dynamicImg/project/24April.png HTTP/1.1" 304 0
[26/Apr/2020 14:38:11] "GET /static/images/person_4.jpg HTTP/1.1" 200 375097
[26/Apr/2020 14:38:14] "POST /admin/login/?next=/admin/ HTTP/1.1" 302 0
[26/Apr/2020 14:38:14] "GET /admin/ HTTP/1.1" 200 6527
[26/Apr/2020 14:38:16] "GET /admin/website/product/ HTTP/1.1" 200 4714
[26/Apr/2020 14:38:16] "GET /admin/jsi18n/ HTTP/1.1" 200 3185
[26/Apr/2020 14:38:18] "GET /admin/website/product/add/ HTTP/1.1" 200 7325
[26/Apr/2020 14:38:19] "GET /admin/jsi18n/ HTTP/1.1" 200 3185
[26/Apr/2020 14:38:29] "GET /static/images/img_8.jpg HTTP/1.1" 200 231834
[26/Apr/2020 14:38:47] "GET /static/images/about_1.jpg HTTP/1.1" 200 120610
Not Found: /favicon.ico
[26/Apr/2020 14:38:49] "GET /favicon.ico HTTP/1.1" 404 2635
[26/Apr/2020 14:38:58] "GET /static/images/person_2.jpg HTTP/1.1" 200 285512
[26/Apr/2020 14:39:03] "GET /static/images/img_6.jpg HTTP/1.1" 200 481844
[26/Apr/2020 14:39:20] "GET /static/images/person_3.jpg HTTP/1.1" 200 228890
[26/Apr/2020 14:39:32] "POST /admin/website/product/add/ HTTP/1.1" 302 0
[26/Apr/2020 14:39:32] "GET /admin/website/product/ HTTP/1.1" 200 5156
[26/Apr/2020 14:39:32] "GET /admin/jsi18n/ HTTP/1.1" 200 3185
[26/Apr/2020 14:39:38] "GET /landing/ HTTP/1.1" 200 9972
[26/Apr/2020 14:39:38] "GET /media/dynamicImg/project/24April.png HTTP/1.1" 304 0
[26/Apr/2020 14:39:38] "GET /media/dynamicImg/project/61PVIzk6ALL._SL1104_.jpg HTTP/1.1" 200 115395
[26/Apr/2020 14:39:39] "GET /static/fonts/icomoon/fonts/icomoon.ttf?10si43 HTTP/1.1" 200 307168
[26/Apr/2020 14:39:46] "GET /admin/website/product/3/change/ HTTP/1.1" 200 8876
[26/Apr/2020 14:39:46] "GET /admin/jsi18n/ HTTP/1.1" 200 3185
[26/Apr/2020 14:39:54] "GET /static/images/person_4.jpg HTTP/1.1" 200 375097
[26/Apr/2020 14:39:57] "GET /index/ HTTP/1.1" 200 26149
[26/Apr/2020 14:51:33] "GET /landing/ HTTP/1.1" 200 9972
[26/Apr/2020 14:51:33] "GET /media/dynamicImg/project/24April.png HTTP/1.1" 304 0
[26/Apr/2020 14:51:33] "GET /media/dynamicImg/project/61PVIzk6ALL._SL1104_.jpg HTTP/1.1" 304 0
[26/Apr/2020 14:51:36] "GET /products/3/ HTTP/1.1" 200 8003
[26/Apr/2020 14:51:47] "POST /admin/website/product/3/change/ HTTP/1.1" 302 0
[26/Apr/2020 14:51:47] "GET /admin/website/product/ HTTP/1.1" 200 5158
[26/Apr/2020 14:51:48] "GET /admin/jsi18n/ HTTP/1.1" 200 3185
[26/Apr/2020 14:51:50] "GET /index/ HTTP/1.1" 200 26149
[26/Apr/2020 14:51:54] "GET /landing/ HTTP/1.1" 200 9957
[26/Apr/2020 14:51:58] "GET /products/3/ HTTP/1.1" 200 8003
[26/Apr/2020 14:52:07] "GET /static/js/popper.min.js.map HTTP/1.1" 404 1694
[26/Apr/2020 14:52:07] "GET /static/js/bootstrap.min.js.map HTTP/1.1" 404 1703
[26/Apr/2020 14:52:07] "GET /static/js/aos.js.map HTTP/1.1" 404 1673
[26/Apr/2020 14:52:07] "GET /static/css/bootstrap-datepicker.css.map HTTP/1.1" 404 1730
[26/Apr/2020 14:52:07] "GET /static/css/aos.css.map HTTP/1.1" 404 1679
[26/Apr/2020 14:52:07] "GET /static/css/bootstrap.min.css.map HTTP/1.1" 200 87088
[26/Apr/2020 14:52:12] "GET /index/ HTTP/1.1" 200 26149
